<?xml version="1.0" encoding="UTF-8"?>
<!-- Generated by org.testng.reporters.JUnitReportReporter -->
<testsuite hostname="nico" name="otpp.HomePageTest" tests="2" failures="0" timestamp="30 Oct 2015 09:17:47 GMT" time="0.076" errors="0">
  <testcase name="test2" time="0.002" classname="otpp.HomePageTest"/>
  <testcase name="testH1Existing" time="0.074" classname="otpp.HomePageTest"/>
</testsuite> <!-- otpp.HomePageTest -->
