<?xml version="1.0" encoding="UTF-8"?>
<!-- Generated by org.testng.reporters.JUnitReportReporter -->
<testsuite hostname="nico" name="otpp.LoginTest" tests="1" failures="0" timestamp="30 Oct 2015 12:25:40 GMT" time="1.720" errors="0">
  <testcase name="testUntitled2" time="1.720" classname="otpp.LoginTest"/>
</testsuite> <!-- otpp.LoginTest -->
